<?xml version="1.0" encoding="UTF-8"?>
<!-- Generated by org.testng.reporters.JUnitReportReporter -->
<testsuite hostname="LAPTOP-5ALMQL8U" failures="0" tests="4" name="ZeoOnboardingScripts.OnboardingTests" time="260.052" errors="0" timestamp="2025-02-06T14:07:51 IST" skipped="0">
  <testcase classname="ZeoOnboardingScripts.OnboardingTests" name="googleSignUp" time="19.017"/>
  <system-out/>
  <testcase classname="ZeoOnboardingScripts.OnboardingTests" name="signUpEmailPassword" time="84.424"/>
  <system-out/>
  <testcase classname="ZeoOnboardingScripts.OnboardingTests" name="login" time="92.862"/>
  <system-out/>
  <testcase classname="ZeoOnboardingScripts.OnboardingTests" name="forgotPasswordAndChange" time="63.749"/>
  <system-out/>
</testsuite> <!-- ZeoOnboardingScripts.OnboardingTests -->
